\BOOKMARK [1][-]{section.1}{Details for the experiement shown in the abstract}{}% 1
\BOOKMARK [1][-]{section.2}{Introduction}{}% 2
\BOOKMARK [2][-]{subsection.2.1}{Discussion Vincent}{section.2}% 3
\BOOKMARK [2][-]{subsection.2.2}{Notes pour discussion avec Romain Volk}{section.2}% 4
\BOOKMARK [1][-]{section.3}{TODO list}{}% 5
\BOOKMARK [2][-]{subsection.3.1}{Calibration with two level target}{section.3}% 6
\BOOKMARK [1][-]{section.4}{Material and Methods}{}% 7
\BOOKMARK [2][-]{subsection.4.1}{4D PTV}{section.4}% 8
\BOOKMARK [3][-]{subsubsection.4.1.1}{PSMN}{subsection.4.1}% 9
\BOOKMARK [2][-]{subsection.4.2}{Sketch plugging the two cameras together}{section.4}% 10
\BOOKMARK [2][-]{subsection.4.3}{index matching beads}{section.4}% 11
\BOOKMARK [3][-]{subsubsection.4.3.1}{Hydrogel beads}{subsection.4.3}% 12
\BOOKMARK [2][-]{subsection.4.4}{Flow Meter}{section.4}% 13
\BOOKMARK [2][-]{subsection.4.5}{solenoid valve: Burkert}{section.4}% 14
\BOOKMARK [2][-]{subsection.4.6}{tunings for electrovannes}{section.4}% 15
\BOOKMARK [2][-]{subsection.4.7}{3D printer}{section.4}% 16
\BOOKMARK [2][-]{subsection.4.8}{HDR image from bracketing exposure time image sequence}{section.4}% 17
\BOOKMARK [2][-]{subsection.4.9}{bracketing time lapse}{section.4}% 18
\BOOKMARK [3][-]{subsubsection.4.9.1}{HDR from serie of .NEF}{subsection.4.9}% 19
\BOOKMARK [2][-]{subsection.4.10}{mirrorless ?}{section.4}% 20
\BOOKMARK [2][-]{subsection.4.11}{negative shutter time on cameras ?}{section.4}% 21
\BOOKMARK [1][-]{section.5}{list of the experiments}{}% 22
\BOOKMARK [2][-]{subsection.5.1}{experiment 2021 05 28}{section.5}% 23
\BOOKMARK [1][-]{section.6}{Preliminary results}{}% 24
\BOOKMARK [1][-]{section.7}{figures section from Kaare}{}% 25
