\BOOKMARK [1][-]{section.1}{Details for the experiement shown in the abstract}{}% 1
\BOOKMARK [1][-]{section.2}{Introduction}{}% 2
\BOOKMARK [2][-]{subsection.2.1}{Discussion Vincent}{section.2}% 3
\BOOKMARK [2][-]{subsection.2.2}{Notes pour discussion avec Romain Volk}{section.2}% 4
\BOOKMARK [1][-]{section.3}{TODO list}{}% 5
\BOOKMARK [2][-]{subsection.3.1}{Calibration with two level target}{section.3}% 6
\BOOKMARK [1][-]{section.4}{Material and Methods}{}% 7
\BOOKMARK [2][-]{subsection.4.1}{Properties of the hydrogel beads}{section.4}% 8
\BOOKMARK [2][-]{subsection.4.2}{4D PTV}{section.4}% 9
\BOOKMARK [2][-]{subsection.4.3}{Sketch plugging the two cameras together}{section.4}% 10
\BOOKMARK [2][-]{subsection.4.4}{index matching beads}{section.4}% 11
\BOOKMARK [2][-]{subsection.4.5}{Flow Meter}{section.4}% 12
\BOOKMARK [2][-]{subsection.4.6}{solenoid valve: Burkert}{section.4}% 13
\BOOKMARK [2][-]{subsection.4.7}{tunings for electrovannes}{section.4}% 14
\BOOKMARK [2][-]{subsection.4.8}{3D printer}{section.4}% 15
\BOOKMARK [2][-]{subsection.4.9}{HDR image from bracketing exposure time image sequence}{section.4}% 16
\BOOKMARK [2][-]{subsection.4.10}{bracketing time lapse}{section.4}% 17
\BOOKMARK [2][-]{subsection.4.11}{mirrorless ?}{section.4}% 18
\BOOKMARK [2][-]{subsection.4.12}{negative shutter time on cameras ?}{section.4}% 19
\BOOKMARK [1][-]{section.5}{list of the experiments}{}% 20
\BOOKMARK [2][-]{subsection.5.1}{experiment 2021 05 28}{section.5}% 21
\BOOKMARK [1][-]{section.6}{Preliminary results}{}% 22
\BOOKMARK [1][-]{section.7}{How to submit to the Journal of Fluid Mechanics}{}% 23
\BOOKMARK [1][-]{section.8}{Rules of submission}{}% 24
\BOOKMARK [1][-]{section.9}{Authors responsibilites}{}% 25
\BOOKMARK [2][-]{subsection.9.1}{Transparency and Openness Promotion \(TOP\)}{section.9}% 26
\BOOKMARK [1][-]{section.10}{Types of paper}{}% 27
\BOOKMARK [2][-]{subsection.10.1}{Standard papers}{section.10}% 28
\BOOKMARK [2][-]{subsection.10.2}{JFM Rapids}{section.10}% 29
\BOOKMARK [2][-]{subsection.10.3}{JFM Perspectives}{section.10}% 30
\BOOKMARK [1][-]{section.11}{File types}{}% 31
\BOOKMARK [1][-]{section.12}{Preparing your manuscript}{}% 32
\BOOKMARK [2][-]{subsection.12.1}{Figures}{section.12}% 33
\BOOKMARK [2][-]{subsection.12.2}{Tables}{section.12}% 34
\BOOKMARK [2][-]{subsection.12.3}{Online supplementary material}{section.12}% 35
\BOOKMARK [1][-]{section.13}{Editorial decisions}{}% 36
\BOOKMARK [2][-]{subsection.13.1}{Revision}{section.13}% 37
\BOOKMARK [2][-]{subsection.13.2}{Provisional acceptance}{section.13}% 38
\BOOKMARK [2][-]{subsection.13.3}{Acceptance}{section.13}% 39
\BOOKMARK [1][-]{section.14}{Publication process}{}% 40
\BOOKMARK [1][-]{section.15}{Corrigenda}{}% 41
\BOOKMARK [1][-]{section.16}{Obtaining help}{}% 42
\BOOKMARK [1][-]{section.17}{Cambridge Author Services - in partnership with American Journal Experts}{}% 43
\BOOKMARK [1][-]{section.18}{Notation and style}{}% 44
\BOOKMARK [2][-]{subsection.18.1}{Mathematical notation}{section.18}% 45
\BOOKMARK [1][-]{section.19}{Citations and references}{}% 46
\BOOKMARK [1][-]{section.20}{Appeals process}{}% 47
\BOOKMARK [2][-]{subsection.20.1}{How do I appeal?}{section.20}% 48
\BOOKMARK [1][-]{appendix.A}{Appendix A}{}% 49
